2025-09-23T16:01:43.430+03:00  INFO 42521 --- [demo] [restartedMain] com.CodeWithTrevy.demo.DemoApplication   : Starting DemoApplication using Java 17.0.16 with PID 42521 (/home/trevor/Downloads/demo/target/classes started by trevor in /home/trevor/Downloads/demo)
2025-09-23T16:01:43.435+03:00  INFO 42521 --- [demo] [restartedMain] com.CodeWithTrevy.demo.DemoApplication   : The following 1 profile is active: "prod"
2025-09-23T16:01:43.559+03:00  INFO 42521 --- [demo] [restartedMain] .e.DevToolsPropertyDefaultsPostProcessor : Devtools property defaults active! Set 'spring.devtools.add-properties' to 'false' to disable
2025-09-23T16:01:43.560+03:00  INFO 42521 --- [demo] [restartedMain] .e.DevToolsPropertyDefaultsPostProcessor : For additional web related logging consider setting the 'logging.level.web' property to 'DEBUG'
2025-09-23T16:01:44.968+03:00  INFO 42521 --- [demo] [restartedMain] .s.d.r.c.RepositoryConfigurationDelegate : Bootstrapping Spring Data JPA repositories in DEFAULT mode.
2025-09-23T16:01:45.132+03:00  INFO 42521 --- [demo] [restartedMain] .s.d.r.c.RepositoryConfigurationDelegate : Finished Spring Data repository scanning in 140 ms. Found 2 JPA repository interfaces.
2025-09-23T16:01:46.633+03:00  INFO 42521 --- [demo] [restartedMain] o.s.b.w.embedded.tomcat.TomcatWebServer  : Tomcat initialized with port 8080 (http)
2025-09-23T16:01:46.655+03:00  INFO 42521 --- [demo] [restartedMain] o.apache.catalina.core.StandardService   : Starting service [Tomcat]
2025-09-23T16:01:46.656+03:00  INFO 42521 --- [demo] [restartedMain] o.apache.catalina.core.StandardEngine    : Starting Servlet engine: [Apache Tomcat/10.1.44]
2025-09-23T16:01:46.733+03:00  INFO 42521 --- [demo] [restartedMain] o.a.c.c.C.[Tomcat].[localhost].[/]       : Initializing Spring embedded WebApplicationContext
2025-09-23T16:01:46.734+03:00  INFO 42521 --- [demo] [restartedMain] w.s.c.ServletWebServerApplicationContext : Root WebApplicationContext: initialization completed in 3172 ms
2025-09-23T16:01:47.031+03:00  INFO 42521 --- [demo] [restartedMain] o.hibernate.jpa.internal.util.LogHelper  : HHH000204: Processing PersistenceUnitInfo [name: default]
2025-09-23T16:01:47.109+03:00  INFO 42521 --- [demo] [restartedMain] org.hibernate.Version                    : HHH000412: Hibernate ORM core version 6.6.26.Final
2025-09-23T16:01:47.147+03:00  INFO 42521 --- [demo] [restartedMain] o.h.c.internal.RegionFactoryInitiator    : HHH000026: Second-level cache disabled
2025-09-23T16:01:47.558+03:00  INFO 42521 --- [demo] [restartedMain] o.s.o.j.p.SpringPersistenceUnitInfo      : No LoadTimeWeaver setup: ignoring JPA class transformer
2025-09-23T16:01:47.599+03:00  INFO 42521 --- [demo] [restartedMain] com.zaxxer.hikari.HikariDataSource       : HikariPool-1 - Starting...
2025-09-23T16:01:47.948+03:00  INFO 42521 --- [demo] [restartedMain] com.zaxxer.hikari.pool.HikariPool        : HikariPool-1 - Added connection org.postgresql.jdbc.PgConnection@709bdf82
2025-09-23T16:01:47.950+03:00  INFO 42521 --- [demo] [restartedMain] com.zaxxer.hikari.HikariDataSource       : HikariPool-1 - Start completed.
2025-09-23T16:01:47.995+03:00  WARN 42521 --- [demo] [restartedMain] org.hibernate.orm.deprecation            : HHH90000025: PostgreSQLDialect does not need to be specified explicitly using 'hibernate.dialect' (remove the property setting and it will be selected by default)
2025-09-23T16:01:48.025+03:00  INFO 42521 --- [demo] [restartedMain] org.hibernate.orm.connections.pooling    : HHH10001005: Database info:
	Database JDBC URL [Connecting through datasource 'HikariDataSource (HikariPool-1)']
	Database driver: undefined/unknown
	Database version: 16.10
	Autocommit mode: undefined/unknown
	Isolation level: undefined/unknown
	Minimum pool size: undefined/unknown
	Maximum pool size: undefined/unknown
2025-09-23T16:01:49.195+03:00  INFO 42521 --- [demo] [restartedMain] o.h.e.t.j.p.i.JtaPlatformInitiator       : HHH000489: No JTA platform available (set 'hibernate.transaction.jta.platform' to enable JTA platform integration)
2025-09-23T16:01:49.267+03:00  WARN 42521 --- [demo] [restartedMain] o.h.engine.jdbc.spi.SqlExceptionHelper   : SQL Warning Code: 0, SQLState: 00000
2025-09-23T16:01:49.268+03:00  WARN 42521 --- [demo] [restartedMain] o.h.engine.jdbc.spi.SqlExceptionHelper   : constraint "author_id_unique" of relation "posts" does not exist, skipping
2025-09-23T16:01:49.279+03:00  INFO 42521 --- [demo] [restartedMain] j.LocalContainerEntityManagerFactoryBean : Initialized JPA EntityManagerFactory for persistence unit 'default'
2025-09-23T16:01:49.709+03:00  INFO 42521 --- [demo] [restartedMain] o.s.d.j.r.query.QueryEnhancerFactory     : Hibernate is in classpath; If applicable, HQL parser will be used.
2025-09-23T16:01:50.357+03:00  WARN 42521 --- [demo] [restartedMain] JpaBaseConfiguration$JpaWebConfiguration : spring.jpa.open-in-view is enabled by default. Therefore, database queries may be performed during view rendering. Explicitly configure spring.jpa.open-in-view to disable this warning
2025-09-23T16:01:51.186+03:00  INFO 42521 --- [demo] [restartedMain] o.s.b.a.h2.H2ConsoleAutoConfiguration    : H2 console available at '/h2-console'. Database available at 'jdbc:postgresql://localhost:5432/blog'
2025-09-23T16:01:51.283+03:00  INFO 42521 --- [demo] [restartedMain] o.s.b.d.a.OptionalLiveReloadServer       : LiveReload server is running on port 35729
2025-09-23T16:01:51.340+03:00  INFO 42521 --- [demo] [restartedMain] o.s.b.w.embedded.tomcat.TomcatWebServer  : Tomcat started on port 8080 (http) with context path '/'
2025-09-23T16:01:51.367+03:00  INFO 42521 --- [demo] [restartedMain] com.CodeWithTrevy.demo.DemoApplication   : Started DemoApplication in 8.582 seconds (process running for 9.055)
2025-09-23T16:01:59.219+03:00  INFO 42521 --- [demo] [http-nio-8080-exec-1] o.a.c.c.C.[Tomcat].[localhost].[/]       : Initializing Spring DispatcherServlet 'dispatcherServlet'
2025-09-23T16:01:59.219+03:00  INFO 42521 --- [demo] [http-nio-8080-exec-1] o.s.web.servlet.DispatcherServlet        : Initializing Servlet 'dispatcherServlet'
2025-09-23T16:01:59.222+03:00  INFO 42521 --- [demo] [http-nio-8080-exec-1] o.s.web.servlet.DispatcherServlet        : Completed initialization in 2 ms
2025-09-23T16:03:14.564+03:00  INFO 42521 --- [demo] [SpringApplicationShutdownHook] o.s.b.w.e.tomcat.GracefulShutdown        : Commencing graceful shutdown. Waiting for active requests to complete
2025-09-23T16:03:14.566+03:00  INFO 42521 --- [demo] [tomcat-shutdown] o.s.b.w.e.tomcat.GracefulShutdown        : Graceful shutdown complete
2025-09-23T16:03:14.571+03:00  INFO 42521 --- [demo] [SpringApplicationShutdownHook] j.LocalContainerEntityManagerFactoryBean : Closing JPA EntityManagerFactory for persistence unit 'default'
2025-09-23T16:03:14.578+03:00  INFO 42521 --- [demo] [SpringApplicationShutdownHook] com.zaxxer.hikari.HikariDataSource       : HikariPool-1 - Shutdown initiated...
2025-09-23T16:03:14.606+03:00  INFO 42521 --- [demo] [SpringApplicationShutdownHook] com.zaxxer.hikari.HikariDataSource       : HikariPool-1 - Shutdown completed.
